C51 COMPILER V9.60.7.0   MAIN                                                              09/20/2024 16:00:32 PAGE 1   


C51 COMPILER V9.60.7.0, COMPILATION OF MODULE MAIN
OBJECT MODULE PLACED IN .\Objects\main.obj
COMPILER INVOKED BY: D:\Programs\Keil_v5\C51\BIN\C51.EXE main.c OPTIMIZE(8,SPEED) BROWSE DEBUG OBJECTEXTEND PRINT(.\List
                    -ings\main.lst) OBJECT(.\Objects\main.obj)

line level    source

   1          #include <REGX52.H>
   2          
   3          typedef unsigned int u16;
   4          typedef unsigned char u8;
   5          
   6          
   7          void uart_init(u8 baud)
   8          {
   9   1          TMOD|=0X20; //设置计数器工作方式2
  10   1          SCON=0X50;  //设置为工作方式1
  11   1          PCON=0X80;  //波特率加倍
  12   1          TH1=baud;   //计数器初始值设置
  13   1          TL1=baud;
  14   1          ES=1;       //打开接收中断
  15   1          EA=1;       //打开总中断
  16   1          TR1=1;      //打开计数器 
  17   1      }
  18          
  19          void UART_SendByte(unsigned char Byte)
  20          {
  21   1          SBUF=Byte;
  22   1          while(TI==0);
  23   1          TI=0;
  24   1      }
  25          
  26          void main()
  27          {
  28   1          uart_init(0XFA);        //波特率为9600
  29   1          
  30   1          while(1)
  31   1          {
  32   2          }
  33   1      }
  34          
  35          void uart() interrupt 4 //串口通信中断函数
  36          {
  37   1          u8 rec_data;
  38   1          
  39   1          if(RI==1)
  40   1          {
  41   2              RI = 0;         //清除接收中断标志位
  42   2              rec_data=SBUF;  //存储接收到的数据
  43   2              SBUF=rec_data;  //将接收到的数据放入到发送寄存器
  44   2              while(!TI);     //等待发送数据完成
  45   2              TI=0;           //清除发送完成标志位     
  46   2          }
  47   1      }


MODULE INFORMATION:   STATIC OVERLAYABLE
   CODE SIZE        =     61    ----
   CONSTANT SIZE    =   ----    ----
   XDATA SIZE       =   ----    ----
   PDATA SIZE       =   ----    ----
C51 COMPILER V9.60.7.0   MAIN                                                              09/20/2024 16:00:32 PAGE 2   

   DATA SIZE        =   ----    ----
   IDATA SIZE       =   ----    ----
   BIT SIZE         =   ----    ----
END OF MODULE INFORMATION.


C51 COMPILATION COMPLETE.  0 WARNING(S),  0 ERROR(S)
